nodes=4 ntasks=64
+ export BMARK_STRING=cg.D.64
+ BMARK_STRING=cg.D.64
++ date +%Y_%m_%d_%H_%M_%S_%N
+ name=2012_05_31_12_18_46_803749707
+ mkdir 2012_05_31_12_18_46_803749707
+ cd 2012_05_31_12_18_46_803749707
+ touch out.dat
+ env
+ echo 2012_05_31_12_18_46_803749707
+ uname -a
+ srun --nodes=1 --ntasks=1 -ppbatch cat /proc/cpuinfo
+ grep MHz
+ srun --nodes=4 --ntasks=4 -o host_info hostname
+ echo 'cores: 64'
+ echo 'nodes: 4'
+ srun --nodes=4 --ntasks=64 -ppbatch -e spmz.err -o out.dat --auto-affinity=start=0,verbose,cpt=1 ../sp-mzCL.sh 64
srun: error: Unable to create job step: More processors requested than permitted
nodes=8 ntasks=128
+ export BMARK_STRING=cg.D.128
+ BMARK_STRING=cg.D.128
++ date +%Y_%m_%d_%H_%M_%S_%N
+ name=2012_05_31_12_18_49_622903342
+ mkdir 2012_05_31_12_18_49_622903342
+ cd 2012_05_31_12_18_49_622903342
+ touch out.dat
+ env
+ echo 2012_05_31_12_18_49_622903342
+ uname -a
+ srun --nodes=1 --ntasks=1 -ppbatch cat /proc/cpuinfo
+ grep MHz
+ srun --nodes=8 --ntasks=8 -o host_info hostname
+ echo 'cores: 128'
+ echo 'nodes: 8'
+ srun --nodes=8 --ntasks=128 -ppbatch -e spmz.err -o out.dat --auto-affinity=start=0,verbose,cpt=1 ../sp-mzCL.sh 128
srun: error: Unable to create job step: More processors requested than permitted
nodes=16 ntasks=256
+ export BMARK_STRING=cg.D.256
+ BMARK_STRING=cg.D.256
++ date +%Y_%m_%d_%H_%M_%S_%N
+ name=2012_05_31_12_18_52_382017520
+ mkdir 2012_05_31_12_18_52_382017520
+ cd 2012_05_31_12_18_52_382017520
+ touch out.dat
+ env
+ echo 2012_05_31_12_18_52_382017520
+ uname -a
+ grep MHz
+ srun --nodes=1 --ntasks=1 -ppbatch cat /proc/cpuinfo
+ srun --nodes=16 --ntasks=16 -o host_info hostname
srun: error: Task launch for 37461.5 failed on node sierra1433: User not found on host
srun: error: Task launch for 37461.5 failed on node sierra1441: User not found on host
srun: error: Application launch failed: User not found on host
srun: Job step aborted: Waiting up to 2 seconds for job step to finish.
srun: error: Timed out waiting for job step to complete
+ echo 'cores: 256'
+ echo 'nodes: 16'
+ srun --nodes=16 --ntasks=256 -ppbatch -e spmz.err -o out.dat --auto-affinity=start=0,verbose,cpt=1 ../sp-mzCL.sh 256
srun: error: Unable to create job step: More processors requested than permitted
nodes=32 ntasks=512
+ export BMARK_STRING=cg.D.512
+ BMARK_STRING=cg.D.512
++ date +%Y_%m_%d_%H_%M_%S_%N
+ name=2012_05_31_12_18_56_044685790
+ mkdir 2012_05_31_12_18_56_044685790
+ cd 2012_05_31_12_18_56_044685790
+ touch out.dat
+ env
+ echo 2012_05_31_12_18_56_044685790
+ uname -a
+ grep MHz
+ srun --nodes=1 --ntasks=1 -ppbatch cat /proc/cpuinfo
+ srun --nodes=32 --ntasks=32 -o host_info hostname
srun: error: Task launch for 37461.7 failed on node sierra1446: User not found on host
srun: error: Task launch for 37461.7 failed on node sierra1471: User not found on host
srun: error: Task launch for 37461.7 failed on node sierra1466: User not found on host
srun: error: Application launch failed: User not found on host
srun: Job step aborted: Waiting up to 2 seconds for job step to finish.
srun: error: Timed out waiting for job step to complete
+ echo 'cores: 512'
+ echo 'nodes: 32'
+ srun --nodes=32 --ntasks=512 -ppbatch -e spmz.err -o out.dat --auto-affinity=start=0,verbose,cpt=1 ../sp-mzCL.sh 512
srun: error: Unable to create job step: More processors requested than permitted
nodes=64 ntasks=1024
+ export BMARK_STRING=cg.D.1024
+ BMARK_STRING=cg.D.1024
++ date +%Y_%m_%d_%H_%M_%S_%N
+ name=2012_05_31_12_19_00_041040951
+ mkdir 2012_05_31_12_19_00_041040951
+ cd 2012_05_31_12_19_00_041040951
+ touch out.dat
+ env
+ echo 2012_05_31_12_19_00_041040951
+ uname -a
+ srun --nodes=1 --ntasks=1 -ppbatch cat /proc/cpuinfo
+ grep MHz
+ srun --nodes=64 --ntasks=64 -o host_info hostname
srun: error: Task launch for 37461.9 failed on node sierra1433: User not found on host
srun: error: Task launch for 37461.9 failed on node sierra1446: User not found on host
srun: error: Task launch for 37461.9 failed on node sierra1441: User not found on host
srun: error: Task launch for 37461.9 failed on node sierra1471: User not found on host
srun: error: Task launch for 37461.9 failed on node sierra1466: User not found on host
srun: error: Task launch for 37461.9 failed on node sierra1683: User not found on host
srun: error: Task launch for 37461.9 failed on node sierra1768: User not found on host
srun: error: Task launch for 37461.9 failed on node sierra1659: User not found on host
srun: error: Application launch failed: User not found on host
srun: Job step aborted: Waiting up to 2 seconds for job step to finish.
srun: error: sierra1758: task 54: Killed
srun: error: sierra1658: task 49: Killed
srun: error: Timed out waiting for job step to complete
+ echo 'cores: 1024'
+ echo 'nodes: 64'
+ srun --nodes=64 --ntasks=1024 -ppbatch -e spmz.err -o out.dat --auto-affinity=start=0,verbose,cpt=1 ../sp-mzCL.sh 1024
srun: error: Unable to create job step: More processors requested than permitted
